2025-01-08 14:06:51,850 - Verarbeite Titel: Thomas Seitz, MdB, AfD
2025-01-08 14:06:52,597 - response: https://html.duckduckgo.com/html 200 25127
2025-01-08 14:06:52,599 - Ergebnisse für Thomas Seitz, MdB, AfD: ['https://de.wikipedia.org/wiki/Thomas_Seitz_(Politiker)', 'https://www.bundestag.de/abgeordnete/biografien/S/seitz_thomas-858072', 'https://www.tiktok.com/@vorortaktuell/video/7312542666661596449']
2025-01-08 14:06:53,599 - Verarbeite Titel: Mike Moncsek, MdB, AfD
2025-01-08 14:06:55,060 - response: https://lite.duckduckgo.com/lite/ 200 16835
2025-01-08 14:06:55,061 - Ergebnisse für Mike Moncsek, MdB, AfD: ['https://www.tiktok.com/@mikemoncsek.de', 'https://www.facebook.com/mikemoncsek.de/', 'https://www.bundestag.de/abgeordnete/biografien/M/moncsek_mike-860898']
2025-01-08 14:06:56,061 - Verarbeite Titel: Sebastian Münzenmaier, MdB, AfD
2025-01-08 14:06:57,505 - response: https://lite.duckduckgo.com/lite/ 200 17951
2025-01-08 14:06:57,506 - Ergebnisse für Sebastian Münzenmaier, MdB, AfD: ['https://www.tiktok.com/@muenzenmaier', 'https://www.tiktok.com/@muenzenmaier/video/7436397833508359457', 'https://www.muenzenmaiers-magazin.de/2022/11/muenzenmaier/sebastian-muenzenmaier-bei-tiktok/']
2025-01-08 14:06:58,507 - Verarbeite Titel: Klaus Stöber, MdB, AfD
2025-01-08 14:07:00,005 - response: https://html.duckduckgo.com/html 200 25632
2025-01-08 14:07:00,006 - Ergebnisse für Klaus Stöber, MdB, AfD: ['https://www.bundestag.de/abgeordnete/biografien/S/stoeber_klaus-863310', 'https://www.tiktok.com/@afd.new/video/7371783099295796522', 'https://de.wikipedia.org/wiki/Klaus_Stöber_(Politiker)']
2025-01-08 14:07:01,006 - Verarbeite Titel: Steffen Janich, MdB, AfD
2025-01-08 14:07:02,384 - response: https://html.duckduckgo.com/html 200 24977
2025-01-08 14:07:02,386 - Ergebnisse für Steffen Janich, MdB, AfD: ['https://steffenjanich.de/', 'https://de.wikipedia.org/wiki/Steffen_Janich', 'https://www.tiktok.com/@papst_alwin/video/7428728325159390496']
2025-01-08 14:07:03,386 - Verarbeite Titel: Peter Felser, MdB, AfD
2025-01-08 14:07:04,708 - response: https://html.duckduckgo.com/html 200 24985
2025-01-08 14:07:04,709 - Ergebnisse für Peter Felser, MdB, AfD: ['https://www.tiktok.com/@peterfelser_mdb', 'https://www.tiktok.com/@peterfelser_mdb/video/7457067493673192726', 'https://www.tiktok.com/@peterfelser_mdb/video/7431219289673321750']
2025-01-08 14:07:05,709 - Verarbeite Titel: Martin Sichert, MdB, AfD
2025-01-08 14:07:07,099 - response: https://lite.duckduckgo.com/lite/ 200 17247
2025-01-08 14:07:07,100 - Ergebnisse für Martin Sichert, MdB, AfD: ['https://www.tiktok.com/@sichertdeutschland', 'https://www.tiktok.com/@sichertdeutschlland', 'https://www.tiktok.com/@martin.sichert']
2025-01-08 14:07:08,100 - Verarbeite Titel: Thomas Dietz, MdB, AfD
2025-01-08 14:07:09,497 - response: https://lite.duckduckgo.com/lite/ 200 16873
2025-01-08 14:07:09,498 - Ergebnisse für Thomas Dietz, MdB, AfD: ['https://www.bundestag.de/abgeordnete/biografien/D/dietz_thomas-860430', 'https://www.tiktok.com/@afdfraktionimbundestag', 'https://www.bundestag.de/presse/hib/kurzmeldungen-1035514']
2025-01-08 14:07:10,498 - Verarbeite Titel: Bernd Schattner, MdB, AfD
2025-01-08 14:07:11,957 - response: https://lite.duckduckgo.com/lite/ 200 17288
2025-01-08 14:07:11,959 - Ergebnisse für Bernd Schattner, MdB, AfD: ['https://www.tiktok.com/@bernd.schattner.mdb', 'https://www.tiktok.com/@bernd.schattner.mdb/video/7438596021338393889', 'https://www.tiktok.com/@bernd.schattner.mdb/video/7420314658021707041']
2025-01-08 14:07:12,959 - Verarbeite Titel: Kay-Uwe Ziegler, MdB, AfD
2025-01-08 14:07:14,475 - response: https://html.duckduckgo.com/html 200 32696
2025-01-08 14:07:14,476 - Ergebnisse für Kay-Uwe Ziegler, MdB, AfD: ['https://www.tiktok.com/@kayuweziegler71', 'https://www.tiktok.com/@kayuweziegler71/video/7301400982276017440', 'https://www.tiktok.com/@kayuweziegler71/video/7313937621305085216']
2025-01-08 14:07:15,477 - Verarbeite Titel: Frank Rinck, MdB, AfD
2025-01-08 14:07:16,873 - response: https://lite.duckduckgo.com/lite/ 200 16799
2025-01-08 14:07:16,874 - Ergebnisse für Frank Rinck, MdB, AfD: ['https://www.tiktok.com/@frank.rinck', 'https://www.tiktok.com/@frank.rinck/video/7151049332207226118', 'https://www.tiktok.com/@frank.rinck/video/7151439656205208838']
2025-01-08 14:07:17,874 - Verarbeite Titel: Dietmar Friedhoff, MdB, AfD
2025-01-08 14:07:19,377 - response: https://lite.duckduckgo.com/lite/ 200 19222
2025-01-08 14:07:19,379 - Ergebnisse für Dietmar Friedhoff, MdB, AfD: ['https://www.tiktok.com/@dietmar.friedhoff.mdb', 'https://www.tiktok.com/tag/dietmarfriedhoff', 'https://www.bundestag.de/abgeordnete/biografien/F/friedhoff_dietmar-857302']
2025-01-08 14:07:20,379 - Verarbeite Titel: Uwe Schulz, MdB, AfD
2025-01-08 14:07:21,801 - response: https://lite.duckduckgo.com/lite/ 200 16699
2025-01-08 14:07:21,802 - Ergebnisse für Uwe Schulz, MdB, AfD: ['https://www.bundestag.de/abgeordnete/biografien/S/schulz_uwe-857986', 'https://www.youtube.com/watch?v=QpIBEKVcDjU', 'https://www.tiktok.com/@uschulze']
2025-01-08 14:07:22,802 - Verarbeite Titel: Dr. Christina Baum, MdB, AfD
2025-01-08 14:07:24,198 - response: https://html.duckduckgo.com/html 200 25809
2025-01-08 14:07:24,199 - Ergebnisse für Dr. Christina Baum, MdB, AfD: ['https://www.tiktok.com/@dr.christinabaum', 'https://www.tiktok.com/@christinabaumafd/video/7437835746137885985', 'https://www.youtube.com/watch?v=OR3yQ9YFPN0']
2025-01-08 14:07:25,200 - Verarbeite Titel: Stephan Protschka, MdB, AfD
2025-01-08 14:07:26,604 - response: https://lite.duckduckgo.com/lite/ 200 17395
2025-01-08 14:07:26,606 - Ergebnisse für Stephan Protschka, MdB, AfD: ['https://www.tiktok.com/@protschkasposition/video/7076153683699977477', 'https://www.tiktok.com/@protschkasposition', 'https://www.tiktok.com/@vorortaktuell/video/7424261934230359318']
2025-01-08 14:07:27,606 - Verarbeite Titel: Enrico Komning, MdB, AfD
2025-01-08 14:07:29,134 - response: https://html.duckduckgo.com/html 200 25403
2025-01-08 14:07:29,136 - Ergebnisse für Enrico Komning, MdB, AfD: ['https://www.tiktok.com/@enricokomning', 'https://www.youtube.com/watch?v=NCCdS1mSRiQ', 'https://www.bundestag.de/abgeordnete/biografien/K/komning_enrico-857566']
2025-01-08 14:07:30,136 - Verarbeite Titel: Jörg Schneider, MdB, AfD
2025-01-08 14:07:31,526 - response: https://html.duckduckgo.com/html 200 25670
2025-01-08 14:07:31,527 - Ergebnisse für Jörg Schneider, MdB, AfD: ['https://www.tiktok.com/@vorortaktuell/video/7338810513112976673', 'https://www.tiktok.com/@vorortaktuell/video/7291451727440661793', 'https://www.tiktok.com/@joergschneidermdb/video/7284509068721491233']
2025-01-08 14:07:32,528 - Verarbeite Titel: Dr. Christian Wirth, MdB, AfD
2025-01-08 14:07:33,868 - response: https://lite.duckduckgo.com/lite/ 200 16842
2025-01-08 14:07:33,869 - Ergebnisse für Dr. Christian Wirth, MdB, AfD: ['https://www.tiktok.com/@christian.wirth2', 'https://www.tiktok.com/@christian.wirth2/video/7307909067987602721', 'https://www.youtube.com/channel/UCQHWTxL91qWnx9n49r1iD_g']
2025-01-08 14:07:34,869 - Verarbeite Titel: Eugen Schmidt, MdB, AfD
2025-01-08 14:07:36,294 - response: https://html.duckduckgo.com/html 200 26715
2025-01-08 14:07:36,295 - Ergebnisse für Eugen Schmidt, MdB, AfD: ['https://www.tiktok.com/@eugen_schmidt.mdb', 'https://www.tiktok.com/@eugen_schmidt.mdb/video/7457306244475325718', 'https://www.tiktok.com/@eugen_schmidt.mdb/video/7449081232014511382']
2025-01-08 14:07:37,296 - Verarbeite Titel: Marcus Bühl, MdB, AfD
2025-01-08 14:07:38,622 - response: https://html.duckduckgo.com/html 200 26992
2025-01-08 14:07:38,623 - Ergebnisse für Marcus Bühl, MdB, AfD: ['https://www.tiktok.com/@vorortaktuell/video/7169624780230970630', 'https://www.marcus-buehl.de/videos/', 'https://de.wikipedia.org/wiki/Marcus_Bühl']
2025-01-08 14:07:39,623 - Verarbeite Titel: Tobias Matthias Peterka, MdB, AfD
2025-01-08 14:07:40,426 - response: https://html.duckduckgo.com/html 202 14270
2025-01-08 14:07:40,426 - Error to search using html backend: https://html.duckduckgo.com/html 202 Ratelimit
2025-01-08 14:07:41,228 - response: https://lite.duckduckgo.com/lite/ 202 14264
2025-01-08 14:07:41,228 - Error to search using lite backend: https://lite.duckduckgo.com/lite/ 202 Ratelimit
2025-01-08 14:08:15,184 - Verarbeite Titel: Thomas Seitz, MdB, AfD
2025-01-08 14:08:18,641 - response: https://lite.duckduckgo.com/lite/ 200 16984
2025-01-08 14:08:18,643 - Ergebnisse für Thomas Seitz, MdB, AfD: ['https://de.wikipedia.org/wiki/Thomas_Seitz_(Politiker)', 'https://www.tiktok.com/@afdfraktionimbundestag', 'https://www.bundestag.de/abgeordnete/biografien/S/seitz_thomas-858072']
2025-01-08 14:08:20,643 - Verarbeite Titel: Mike Moncsek, MdB, AfD
2025-01-08 14:08:21,931 - response: https://lite.duckduckgo.com/lite/ 200 16928
2025-01-08 14:08:21,932 - Ergebnisse für Mike Moncsek, MdB, AfD: ['https://www.tiktok.com/@mikemoncsek.de', 'https://www.bundestag.de/abgeordnete/biografien/M/moncsek_mike-860898', 'https://www.facebook.com/mikemoncsek.de/']
2025-01-08 14:08:23,932 - Verarbeite Titel: Sebastian Münzenmaier, MdB, AfD
2025-01-08 14:08:25,326 - response: https://html.duckduckgo.com/html 200 26580
2025-01-08 14:08:25,327 - Ergebnisse für Sebastian Münzenmaier, MdB, AfD: ['https://www.tiktok.com/@muenzenmaier', 'https://www.tiktok.com/@muenzenmaier/video/7436397833508359457', 'https://www.tiktok.com/@muenzenmaier/video/7437095681216482593']
2025-01-08 14:08:27,327 - Verarbeite Titel: Klaus Stöber, MdB, AfD
2025-01-08 14:08:28,694 - response: https://html.duckduckgo.com/html 200 25182
2025-01-08 14:08:28,695 - Ergebnisse für Klaus Stöber, MdB, AfD: ['https://www.bundestag.de/abgeordnete/biografien/S/stoeber_klaus-863310', 'https://www.youtube.com/channel/UCCXij4YkUFDvg23_rOGj63g', 'https://www.tiktok.com/@afd.new/video/7371783099295796522']
2025-01-08 14:08:30,696 - Verarbeite Titel: Steffen Janich, MdB, AfD
2025-01-08 14:08:32,028 - response: https://html.duckduckgo.com/html 200 24810
2025-01-08 14:08:32,029 - Ergebnisse für Steffen Janich, MdB, AfD: ['https://de.wikipedia.org/wiki/Steffen_Janich', 'https://www.youtube.com/channel/UCVww7fe_xc4WtdWZflUPb8A', 'https://en.wikipedia.org/wiki/Steffen_Janich']
2025-01-08 14:08:34,029 - Verarbeite Titel: Peter Felser, MdB, AfD
2025-01-08 14:08:35,337 - response: https://html.duckduckgo.com/html 200 24985
2025-01-08 14:08:35,339 - Ergebnisse für Peter Felser, MdB, AfD: ['https://www.tiktok.com/@peterfelser_mdb', 'https://www.tiktok.com/@peterfelser_mdb/video/7457067493673192726', 'https://www.tiktok.com/@peterfelser_mdb/video/7431219289673321750']
2025-01-08 14:08:37,339 - Verarbeite Titel: Martin Sichert, MdB, AfD
2025-01-08 14:08:38,654 - response: https://lite.duckduckgo.com/lite/ 200 17425
2025-01-08 14:08:38,655 - Ergebnisse für Martin Sichert, MdB, AfD: ['https://www.tiktok.com/@sichertdeutschland', 'https://www.tiktok.com/@martin.sichert', 'https://www.tiktok.com/@sichertdeutschlland']
2025-01-08 14:08:40,655 - Verarbeite Titel: Thomas Dietz, MdB, AfD
2025-01-08 14:08:42,148 - response: https://html.duckduckgo.com/html 200 24826
2025-01-08 14:08:42,149 - Ergebnisse für Thomas Dietz, MdB, AfD: ['https://www.bundestag.de/abgeordnete/biografien/D/dietz_thomas-860430', 'https://www.tiktok.com/@afdfraktionimbundestag', 'https://www.tiktok.com/@afd_bundestag']
2025-01-08 14:08:44,150 - Verarbeite Titel: Bernd Schattner, MdB, AfD
2025-01-08 14:08:45,501 - response: https://lite.duckduckgo.com/lite/ 200 17118
2025-01-08 14:08:45,502 - Ergebnisse für Bernd Schattner, MdB, AfD: ['https://www.tiktok.com/@bernd.schattner.mdb', 'https://www.tiktok.com/@bernd.schattner.mdb/video/7438596021338393889', 'https://www.tiktok.com/@bernd.schattner.mdb/video/7420314658021707041']
2025-01-08 14:08:47,502 - Verarbeite Titel: Kay-Uwe Ziegler, MdB, AfD
2025-01-08 14:08:48,872 - response: https://html.duckduckgo.com/html 200 33521
2025-01-08 14:08:48,873 - Ergebnisse für Kay-Uwe Ziegler, MdB, AfD: ['https://www.tiktok.com/@kayuweziegler71', 'https://www.tiktok.com/@kayuweziegler71/video/7301400982276017440', 'https://de.wikipedia.org/wiki/Kay-Uwe_Ziegler']
2025-01-08 14:08:50,874 - Verarbeite Titel: Frank Rinck, MdB, AfD
2025-01-08 14:08:52,217 - response: https://html.duckduckgo.com/html 200 25313
2025-01-08 14:08:52,218 - Ergebnisse für Frank Rinck, MdB, AfD: ['https://www.tiktok.com/@frank.rinck', 'https://www.tiktok.com/@frank.rinck/video/7151049332207226118', 'https://www.tiktok.com/@frank.rinck/video/7151439656205208838']
2025-01-08 14:08:54,218 - Verarbeite Titel: Dietmar Friedhoff, MdB, AfD
2025-01-08 14:08:55,592 - response: https://html.duckduckgo.com/html 200 25842
2025-01-08 14:08:55,593 - Ergebnisse für Dietmar Friedhoff, MdB, AfD: ['https://www.tiktok.com/@dietmar.friedhoff.mdb', 'https://www.tiktok.com/tag/dietmarfriedhoff', 'https://www.tiktok.com/@dietmar.friedhoff.mdb/video/7152564216715562245']
2025-01-08 14:08:57,593 - Verarbeite Titel: Uwe Schulz, MdB, AfD
2025-01-08 14:08:58,955 - response: https://html.duckduckgo.com/html 200 25811
2025-01-08 14:08:58,957 - Ergebnisse für Uwe Schulz, MdB, AfD: ['https://www.tiktok.com/@afd_bundestag', 'https://www.tiktok.com/@afdfraktionimbundestag', 'https://www.bundestag.de/abgeordnete/biografien/S/schulz_uwe-857986']
2025-01-08 14:09:00,957 - Verarbeite Titel: Dr. Christina Baum, MdB, AfD
2025-01-08 14:09:02,288 - response: https://lite.duckduckgo.com/lite/ 200 17499
2025-01-08 14:09:02,289 - Ergebnisse für Dr. Christina Baum, MdB, AfD: ['https://www.tiktok.com/@dr.christinabaum', 'https://www.tiktok.com/@christinabaumafd/video/7437835746137885985', 'https://www.youtube.com/watch?v=OR3yQ9YFPN0']
2025-01-08 14:09:04,290 - Verarbeite Titel: Stephan Protschka, MdB, AfD
2025-01-08 14:09:05,678 - response: https://lite.duckduckgo.com/lite/ 200 17476
2025-01-08 14:09:05,680 - Ergebnisse für Stephan Protschka, MdB, AfD: ['https://www.tiktok.com/@protschkasposition', 'https://www.tiktok.com/@protschkasposition/video/7076153683699977477', 'https://www.tiktok.com/@protschkasposition/video/7442213882590022934']
2025-01-08 14:09:07,680 - Verarbeite Titel: Enrico Komning, MdB, AfD
2025-01-08 14:09:09,027 - response: https://html.duckduckgo.com/html 200 25674
2025-01-08 14:09:09,028 - Ergebnisse für Enrico Komning, MdB, AfD: ['https://www.tiktok.com/@enricokomning', 'https://www.youtube.com/watch?v=NCCdS1mSRiQ', 'https://www.bundestag.de/abgeordnete/biografien/K/komning_enrico-857566']
2025-01-08 14:09:11,028 - Verarbeite Titel: Jörg Schneider, MdB, AfD
2025-01-08 14:09:12,422 - response: https://html.duckduckgo.com/html 200 25549
2025-01-08 14:09:12,424 - Ergebnisse für Jörg Schneider, MdB, AfD: ['https://www.tiktok.com/@vorortaktuell/video/7338810513112976673', 'https://www.tiktok.com/@vorortaktuell/video/7291451727440661793', 'https://www.tiktok.com/@joergschneidermdb/video/7284509068721491233']
2025-01-08 14:09:14,424 - Verarbeite Titel: Dr. Christian Wirth, MdB, AfD
2025-01-08 14:09:15,803 - response: https://lite.duckduckgo.com/lite/ 200 16894
2025-01-08 14:09:15,805 - Ergebnisse für Dr. Christian Wirth, MdB, AfD: ['https://www.tiktok.com/@christian.wirth2', 'https://www.tiktok.com/@christian.wirth2/video/7307909067987602721', 'https://de.wikipedia.org/wiki/Christian_Wirth_(Politiker)']
2025-01-08 14:09:17,805 - Verarbeite Titel: Eugen Schmidt, MdB, AfD
2025-01-08 14:09:19,118 - response: https://lite.duckduckgo.com/lite/ 200 17378
2025-01-08 14:09:19,119 - Ergebnisse für Eugen Schmidt, MdB, AfD: ['https://www.tiktok.com/@eugen_schmidt.mdb', 'https://www.tiktok.com/@eugen_schmidt.mdb/video/7457306244475325718', 'https://www.tiktok.com/@eugen_schmidt.mdb/video/7449081232014511382']
2025-01-08 14:09:21,119 - Verarbeite Titel: Marcus Bühl, MdB, AfD
2025-01-08 14:09:22,759 - response: https://lite.duckduckgo.com/lite/ 200 17728
2025-01-08 14:09:22,760 - Ergebnisse für Marcus Bühl, MdB, AfD: ['https://www.tiktok.com/@vorortaktuell/video/7169624780230970630', 'https://www.bundestag.de/abgeordnete/biografien/B/buehl_marcus-857208', 'https://www.marcus-buehl.de/videos/']
2025-01-08 14:09:24,760 - Verarbeite Titel: Tobias Matthias Peterka, MdB, AfD
2025-01-08 14:09:26,181 - response: https://lite.duckduckgo.com/lite/ 200 17333
2025-01-08 14:09:26,182 - Ergebnisse für Tobias Matthias Peterka, MdB, AfD: ['https://www.tiktok.com/@tmpeterka_mdb', 'https://www.bundestag.de/abgeordnete/biografien/P/peterka_tobias-857866', 'https://www.instagram.com/tobiaspeterkamdb/']
2025-01-08 14:09:28,184 - Verarbeite Titel: Prof. Dr. Michael Kaufmann, MdB, AfD
2025-01-08 14:09:29,534 - response: https://html.duckduckgo.com/html 200 26567
2025-01-08 14:09:29,535 - Ergebnisse für Prof. Dr. Michael Kaufmann, MdB, AfD: ['https://de.wikipedia.org/wiki/Michael_Kaufmann_(Politiker)', 'https://www.bundestag.de/abgeordnete/biografien/K/kaufmann_michael-860722', 'https://afdbundestag.de/abgeordnete/michael-kaufmann/']
2025-01-08 14:09:31,535 - Verarbeite Titel: Dr. Malte Kaufmann, MdB, AfD
2025-01-08 14:09:33,113 - response: https://html.duckduckgo.com/html 200 25904
2025-01-08 14:09:33,114 - Ergebnisse für Dr. Malte Kaufmann, MdB, AfD: ['https://www.tiktok.com/@malte.kaufmann', 'https://www.tiktok.com/@malte.kaufmann/video/7448342791282756897', 'https://www.tiktok.com/@malte.kaufmann/video/7450844741672996128']
2025-01-08 14:09:35,114 - Verarbeite Titel: Stephan Brandner, MdB, AfD
2025-01-08 14:09:36,480 - response: https://html.duckduckgo.com/html 200 25817
2025-01-08 14:09:36,481 - Ergebnisse für Stephan Brandner, MdB, AfD: ['https://www.tiktok.com/@brandner_afd', 'https://www.tiktok.com/@vorortaktuell/video/7444936323825372439', 'https://www.tiktok.com/@vorortaktuell/video/7445320547501624598']
2025-01-08 14:09:38,481 - Verarbeite Titel: Edgar Naujok, MdB, AfD
2025-01-08 14:09:39,871 - response: https://lite.duckduckgo.com/lite/ 200 16503
2025-01-08 14:09:39,872 - Ergebnisse für Edgar Naujok, MdB, AfD: ['https://www.tiktok.com/@edgarnaujokmdb', 'https://de.wikipedia.org/wiki/Edgar_Naujok', 'https://en.wikipedia.org/wiki/Edgar_Naujok']
2025-01-08 14:09:41,872 - Verarbeite Titel: Jan Wenzel Schmidt, MdB, AfD
2025-01-08 14:09:43,237 - response: https://html.duckduckgo.com/html 200 27016
2025-01-08 14:09:43,238 - Ergebnisse für Jan Wenzel Schmidt, MdB, AfD: ['https://www.tiktok.com/@janwenzelschmidt', 'https://www.bundestag.de/abgeordnete/biografien/S/schmidt_jan-861180', 'https://www.tiktok.com/@janwenzelschmidt/video/7163710439845612805']
2025-01-08 14:09:45,238 - Verarbeite Titel: Joachim Wundrak, MdB, AfD
2025-01-08 14:09:46,722 - response: https://lite.duckduckgo.com/lite/ 200 16414
2025-01-08 14:09:46,723 - Ergebnisse für Joachim Wundrak, MdB, AfD: ['https://www.tiktok.com/@joachim.wundrak/video/7210377113449286918', 'https://www.tiktok.com/tag/wundrak', 'https://www.tiktok.com/@afdfraktionimbundestag']
2025-01-08 14:09:48,724 - Verarbeite Titel: Leif-Erik Holm, MdB, AfD
2025-01-08 14:09:50,061 - response: https://html.duckduckgo.com/html 200 25773
2025-01-08 14:09:50,063 - Ergebnisse für Leif-Erik Holm, MdB, AfD: ['https://www.tiktok.com/@leiferikholm', 'https://www.tiktok.com/@leiferikholm/video/7410476697096670496', 'https://www.tiktok.com/@leiferikholm/video/7444616587702848790']
2025-01-08 14:09:52,063 - Verarbeite Titel: Thomas Ehrhorn, MdB, AfD
2025-01-08 14:09:53,960 - response: https://lite.duckduckgo.com/lite/ 200 16974
2025-01-08 14:09:53,961 - Ergebnisse für Thomas Ehrhorn, MdB, AfD: ['https://www.tiktok.com/@thomas.ehrhorn', 'https://www.tiktok.com/@thomas.ehrhorn/video/7411269937223798049', 'https://www.tiktok.com/@thomas.ehrhorn/video/7415291885150850337']
2025-01-08 14:09:55,962 - Verarbeite Titel: Wolfgang Wiehle, MdB, AfD
2025-01-08 14:09:57,352 - response: https://html.duckduckgo.com/html 200 25280
2025-01-08 14:09:57,353 - Ergebnisse für Wolfgang Wiehle, MdB, AfD: ['https://www.tiktok.com/tag/wolfgangwiehle', 'https://www.bundestag.de/abgeordnete/biografien/W/wiehle_wolfgang-858168', 'https://de.wikipedia.org/wiki/Wolfgang_Wiehle']
2025-01-08 14:09:59,353 - Verarbeite Titel: Dr. Rainer Kraft, MdB, AfD
2025-01-08 14:10:00,709 - response: https://html.duckduckgo.com/html 200 25652
2025-01-08 14:10:00,710 - Ergebnisse für Dr. Rainer Kraft, MdB, AfD: ['https://www.tiktok.com/@dr.rainer.kraft', 'https://www.tiktok.com/@dr.rainer.kraft/video/7444891454834609430', 'https://www.tiktok.com/@dr.rainer.kraft/video/7431607540196347138']
2025-01-08 14:10:02,710 - Verarbeite Titel: Dirk Brandes, MdB, AfD
2025-01-08 14:10:04,017 - response: https://html.duckduckgo.com/html 200 24715
2025-01-08 14:10:04,019 - Ergebnisse für Dirk Brandes, MdB, AfD: ['https://www.tiktok.com/@brandesdirk/video/7080018837801864453', 'https://www.tiktok.com/@brandesdirk', 'https://www.tiktok.com/@brandesdirk/video/7208963404953079045']
2025-01-08 14:10:06,019 - Verarbeite Titel: Dr. Dirk Spaniel, MdB, AfD
2025-01-08 14:10:07,352 - response: https://html.duckduckgo.com/html 200 26088
2025-01-08 14:10:07,354 - Ergebnisse für Dr. Dirk Spaniel, MdB, AfD: ['https://www.tiktok.com/@dr.dirkspaniel', 'https://www.tiktok.com/@vorortaktuell/video/7419286672820489494', 'https://www.tiktok.com/@vorortaktuell/video/7291712519075286304']
2025-01-08 14:10:09,354 - Verarbeite Titel: René Bochmann, MdB, AfD
2025-01-08 14:10:10,753 - response: https://lite.duckduckgo.com/lite/ 200 17195
2025-01-08 14:10:10,755 - Ergebnisse für René Bochmann, MdB, AfD: ['https://rene-bochmann.de/2023/09/12/neuer-tiktok-kanal/', 'https://www.tiktok.com/@renebochmann', 'https://www.facebook.com/renebochmannmdb/posts/ich-habe-nun-auch-einen-kanal-bei-tiktok-hier-finden-sie-ab-jetzt-kurze-videos-v/321404316952478/']
2025-01-08 14:10:12,755 - Verarbeite Titel: Karsten Hilse, MdB, AfD
2025-01-08 14:10:14,122 - response: https://lite.duckduckgo.com/lite/ 200 17278
2025-01-08 14:10:14,123 - Ergebnisse für Karsten Hilse, MdB, AfD: ['https://www.tiktok.com/@karstenhilseafd', 'https://www.tiktok.com/@vorortaktuell/video/7330287309104975137', 'https://www.tiktok.com/@vorortaktuell/video/7307606879662787873']
2025-01-08 14:10:16,123 - Verarbeite Titel: Matthias Moosdorf, MdB, AfD
2025-01-08 14:10:17,502 - response: https://html.duckduckgo.com/html 200 25106
2025-01-08 14:10:17,503 - Ergebnisse für Matthias Moosdorf, MdB, AfD: ['https://www.tiktok.com/tag/matthiasmoosdorf', 'https://www.tiktok.com/@afdfraktionimbundestag', 'https://www.facebook.com/matth.moosdorf/']
2025-01-08 14:10:19,504 - Verarbeite Titel: Rüdiger Lucassen, MdB, AfD
2025-01-08 14:10:20,873 - response: https://html.duckduckgo.com/html 200 25620
2025-01-08 14:10:20,874 - Ergebnisse für Rüdiger Lucassen, MdB, AfD: ['https://www.tiktok.com/@afdinfo/video/7345591289448058145', 'https://www.bundestag.de/abgeordnete/biografien/L/lucassen_ruediger-857652', 'https://www.tiktok.com/@der_politiker_/video/7330399599611415840']
2025-01-08 14:10:22,874 - Verarbeite Titel: Dr. Alexander Gauland, MdB, AfD
2025-01-08 14:10:24,195 - response: https://html.duckduckgo.com/html 200 25108
2025-01-08 14:10:24,196 - Ergebnisse für Dr. Alexander Gauland, MdB, AfD: ['https://www.tiktok.com/@keine.weiteren.fragen/video/7430545621196541217', 'https://www.tiktok.com/tag/alexander_gauland', 'https://www.youtube.com/watch?v=6tP1_Ew0yFI']
2025-01-08 14:10:26,196 - Verarbeite Titel: Prof. Dr. Harald Weyel, MdB, AfD
2025-01-08 14:10:27,595 - response: https://lite.duckduckgo.com/lite/ 200 17343
2025-01-08 14:10:27,597 - Ergebnisse für Prof. Dr. Harald Weyel, MdB, AfD: ['https://www.tiktok.com/@haraldweyel', 'https://www.bundestag.de/abgeordnete/biografien/W/weyel_harald-858182', 'https://harald-weyel.de/']
2025-01-08 14:10:29,597 - Verarbeite Titel: Petr Bystron, MdB, AfD
2025-01-08 14:10:31,039 - response: https://lite.duckduckgo.com/lite/ 200 17114
2025-01-08 14:10:31,040 - Ergebnisse für Petr Bystron, MdB, AfD: ['https://www.tiktok.com/@petrbystronafd', 'https://www.tiktok.com/@afd.content/video/7293906181267967265', 'https://www.tiktok.com/@stabil1990/video/7183320758603582747']
2025-01-08 14:10:33,040 - Verarbeite Titel: René Springer, MdB, AfD
2025-01-08 14:10:34,481 - response: https://lite.duckduckgo.com/lite/ 200 16862
2025-01-08 14:10:34,482 - Ergebnisse für René Springer, MdB, AfD: ['https://www.tiktok.com/@rene_springer', 'https://www.tiktok.com/@rene_springer/video/7117368659428904198', 'https://www.tiktok.com/@rene_springer/video/7113195751080987909']
2025-01-08 14:10:36,483 - Verarbeite Titel: Martin Hess, MdB, AfD
2025-01-08 14:10:37,896 - response: https://html.duckduckgo.com/html 200 26116
2025-01-08 14:10:37,897 - Ergebnisse für Martin Hess, MdB, AfD: ['https://www.tiktok.com/@martin_hess_klartext', 'https://www.tiktok.com/@manu1182afd/video/7405686213807574304', 'https://www.tiktok.com/@martin_hess_klartext/video/7436708282670075168']
2025-01-08 14:10:39,897 - Verarbeite Titel: Gerold Otten, MdB, AfD
2025-01-08 14:10:41,209 - response: https://lite.duckduckgo.com/lite/ 200 16624
2025-01-08 14:10:41,210 - Ergebnisse für Gerold Otten, MdB, AfD: ['https://www.tiktok.com/@gerold_otten/video/7424143087665958176', 'https://www.tiktok.com/@gerold_otten', 'https://www.tiktok.com/@gerold_otten/video/7434193904720678166']
2025-01-08 14:10:43,211 - Verarbeite Titel: Dr. Götz Frömming, MdB, AfD
2025-01-08 14:10:44,619 - response: https://lite.duckduckgo.com/lite/ 200 17604
2025-01-08 14:10:44,620 - Ergebnisse für Dr. Götz Frömming, MdB, AfD: ['https://www.tiktok.com/@goetzfroemming', 'https://www.tiktok.com/@goetzfroemming/video/7435574053731142945', 'https://www.tiktok.com/@goetzfroemming/video/7287222991958723872']
2025-01-08 14:10:46,620 - Verarbeite Titel: Jan Ralf Nolte, MdB, AfD
2025-01-08 14:10:48,175 - response: https://html.duckduckgo.com/html 200 26035
2025-01-08 14:10:48,176 - Ergebnisse für Jan Ralf Nolte, MdB, AfD: ['https://www.tiktok.com/@jan_nolte_bundestag', 'https://www.tiktok.com/@jan_nolte_bundestag/video/7265229277480684833', 'https://www.tiktok.com/@jan_nolte_bundestag/video/7051510421089438981']
2025-01-08 14:10:50,176 - Verarbeite Titel: Markus Frohnmaier, MdB, AfD
2025-01-08 14:10:51,759 - response: https://lite.duckduckgo.com/lite/ 200 17043
2025-01-08 14:10:51,760 - Ergebnisse für Markus Frohnmaier, MdB, AfD: ['https://www.tiktok.com/@markusfrohnmaier', 'https://www.tiktok.com/@markusfrohnmaier/video/7306972638704864545', 'https://www.tiktok.com/@markusfrohnmaier/video/7283905353270431008']
2025-01-08 14:10:53,762 - Verarbeite Titel: Stefan Keuter, MdB, AfD
2025-01-08 14:10:55,094 - response: https://html.duckduckgo.com/html 200 24929
2025-01-08 14:10:55,095 - Ergebnisse für Stefan Keuter, MdB, AfD: ['https://www.tiktok.com/@stefan_keuter', 'https://www.tiktok.com/@stefan.keuter', 'https://www.tiktok.com/@stefan_keuter/video/7330602179784445217']
2025-01-08 14:10:57,095 - Verarbeite Titel: Kay Gottschalk, MdB, AfD
2025-01-08 14:10:58,398 - response: https://lite.duckduckgo.com/lite/ 200 16712
2025-01-08 14:10:58,400 - Ergebnisse für Kay Gottschalk, MdB, AfD: ['https://www.tiktok.com/@kaygottschalk', 'https://www.tiktok.com/@kaygottschalk8', 'https://www.tiktok.com/@kay.gottschalk3']
2025-01-08 14:11:00,400 - Verarbeite Titel: Dr. Michael Espendiller, MdB, AfD
2025-01-08 14:11:01,759 - response: https://lite.duckduckgo.com/lite/ 200 18380
2025-01-08 14:11:01,760 - Ergebnisse für Dr. Michael Espendiller, MdB, AfD: ['https://www.tiktok.com/@vorortaktuell/video/7413828134992088353', 'https://www.tiktok.com/@vorortaktuell/video/7169370186255043845', 'https://www.tiktok.com/@smurfxps/video/7245561809053158682']
2025-01-08 14:11:03,760 - Verarbeite Titel: Gereon Bollmann, MdB, AfD
2025-01-08 14:11:05,147 - response: https://html.duckduckgo.com/html 200 25882
2025-01-08 14:11:05,148 - Ergebnisse für Gereon Bollmann, MdB, AfD: ['https://www.tiktok.com/@gereonbollmann', 'https://www.gereon-bollmann.de/', 'https://www.bundestag.de/abgeordnete/biografien/B/bollmann_gereon-860310']
2025-01-08 14:11:07,148 - Verarbeite Titel: Martin Reichardt, MdB, AfD
2025-01-08 14:11:08,625 - response: https://lite.duckduckgo.com/lite/ 200 16883
2025-01-08 14:11:08,626 - Ergebnisse für Martin Reichardt, MdB, AfD: ['https://www.tiktok.com/@mr_afd', 'https://www.tiktok.com/@mr_afd/video/7436746762385214752', 'https://www.tiktok.com/@mr_afd/video/7431138520980311328']
2025-01-08 14:11:10,626 - Verarbeite Titel: Jürgen Braun, MdB, AfD
2025-01-08 14:11:12,064 - response: https://lite.duckduckgo.com/lite/ 200 17440
2025-01-08 14:11:12,066 - Ergebnisse für Jürgen Braun, MdB, AfD: ['https://www.tiktok.com/@vorortaktuell/video/7413814838146682144', 'https://www.tiktok.com/@vorortaktuell/video/7445329360430566678', 'https://www.tiktok.com/@vorortaktuell/video/7413831172666477857']
2025-01-08 14:11:14,066 - Verarbeite Titel: Carolin Bachmann, MdB, AfD
2025-01-08 14:11:15,521 - response: https://lite.duckduckgo.com/lite/ 200 17114
2025-01-08 14:11:15,522 - Ergebnisse für Carolin Bachmann, MdB, AfD: ['https://www.tiktok.com/@carolin_bachmann_mdb', 'https://www.tiktok.com/@carolin_bachmann_mdb/video/7436394518036909345', 'https://www.tiktok.com/@carolin_bachmann_mdb/video/7377758713207213345']
2025-01-08 14:11:17,523 - Verarbeite Titel: Norbert Kleinwächter, MdB, AfD
2025-01-08 14:11:18,977 - response: https://html.duckduckgo.com/html 200 25574
2025-01-08 14:11:18,978 - Ergebnisse für Norbert Kleinwächter, MdB, AfD: ['https://www.tiktok.com/@kleinwaechterafd', 'https://www.tiktok.com/@kleinwaechterafd1', 'https://www.tiktok.com/@kleinwaechterafd/video/7448968649387412769']
2025-01-08 14:11:20,978 - Verarbeite Titel: Jörn König, MdB, AfD
2025-01-08 14:11:22,329 - response: https://html.duckduckgo.com/html 200 26051
2025-01-08 14:11:22,331 - Ergebnisse für Jörn König, MdB, AfD: ['https://www.tiktok.com/@joernkoenig_mdb/video/7216225819381796123', 'https://www.tiktok.com/@joernkoenig_mdb', 'https://www.tiktok.com/@joernkoenig_mdb/video/7444459266976582934']
2025-01-08 14:11:24,331 - Verarbeite Titel: Nicole Höchst, MdB, AfD
2025-01-08 14:11:25,632 - response: https://lite.duckduckgo.com/lite/ 200 17829
2025-01-08 14:11:25,634 - Ergebnisse für Nicole Höchst, MdB, AfD: ['https://www.tiktok.com/@vorortaktuell/video/7312154654110944545', 'https://www.tiktok.com/@redenimbundestag/video/7419456546284784928', 'https://www.tiktok.com/@deutschenews6/video/7431233858852457760']
2025-01-08 14:11:27,634 - Verarbeite Titel: Barbara Benkstein, MdB, AfD
2025-01-08 14:11:29,012 - response: https://lite.duckduckgo.com/lite/ 200 17337
2025-01-08 14:11:29,013 - Ergebnisse für Barbara Benkstein, MdB, AfD: ['https://de.wikipedia.org/wiki/Barbara_Benkstein', 'https://afdbundestag.de/abgeordnete/barbara-benkstein/', 'https://www.bundestag.de/abgeordnete/biografien/B/benkstein_barbara-860782']
2025-01-08 14:11:31,013 - Verarbeite Titel: Hannes Gnauck, MdB, AfD
2025-01-08 14:11:32,419 - response: https://lite.duckduckgo.com/lite/ 200 16778
2025-01-08 14:11:32,421 - Ergebnisse für Hannes Gnauck, MdB, AfD: ['https://www.tiktok.com/@hannesgnauck', 'https://www.tiktok.com/@hannesgnauck/video/7416645346824129825', 'https://www.tiktok.com/@hannesgnauck/video/7441542527599054102']
2025-01-08 14:11:34,421 - Verarbeite Titel: Dr. Gottfried Curio, MdB, AfD
2025-01-08 14:11:35,843 - response: https://html.duckduckgo.com/html 200 25141
2025-01-08 14:11:35,845 - Ergebnisse für Dr. Gottfried Curio, MdB, AfD: ['https://www.tiktok.com/@gottfriedcurio', 'https://www.tiktok.com/@german_news_politik/video/7276341956840525088', 'https://www.tiktok.com/@gottfriedcurio/video/7377336624981560609']
2025-01-08 14:11:37,845 - Verarbeite Titel: Gerrit Huy, MdB, AfD
2025-01-08 14:11:39,142 - response: https://html.duckduckgo.com/html 200 25275
2025-01-08 14:11:39,143 - Ergebnisse für Gerrit Huy, MdB, AfD: ['https://www.tiktok.com/@gerrithuy', 'https://www.bundestag.de/abgeordnete/biografien/H/huy_gerrit-860640', 'https://www.tiktok.com/@gerrithuy/video/7067039735834889478']
2025-01-08 14:11:41,144 - Verarbeite Titel: Jürgen Pohl, MdB, AfD
2025-01-08 14:11:42,585 - response: https://html.duckduckgo.com/html 200 25520
2025-01-08 14:11:42,587 - Ergebnisse für Jürgen Pohl, MdB, AfD: ['https://www.tiktok.com/@juergenpohlafd', 'https://de.wikipedia.org/wiki/Jürgen_Pohl_(Politiker)', 'https://www.bundestag.de/abgeordnete/biografien/P/pohl_juergen-857846']
2025-01-08 14:11:44,587 - Verarbeite Titel: Dr. Rainer Rothfuß, MdB, AfD
2025-01-08 14:11:45,963 - response: https://lite.duckduckgo.com/lite/ 200 17298
2025-01-08 14:11:45,964 - Ergebnisse für Dr. Rainer Rothfuß, MdB, AfD: ['https://www.tiktok.com/@dr.rainer.rothfuss', 'https://www.bundestag.de/abgeordnete/biografien/R/rothfuss_rainer-861124', 'https://www.tiktok.com/@politwelt/video/7283229964353260833']
2025-01-08 14:11:47,964 - Verarbeite Titel: Dr. Bernd Baumann, MdB, AfD
2025-01-08 14:11:49,293 - response: https://html.duckduckgo.com/html 200 25741
2025-01-08 14:11:49,294 - Ergebnisse für Dr. Bernd Baumann, MdB, AfD: ['https://www.tiktok.com/@drberndbaumann/video/7449351475249057056', 'https://www.tiktok.com/@drberndbaumann', 'https://www.youtube.com/@DrBerndBaumannMdB/videos']
2025-01-08 14:11:51,294 - Verarbeite Titel: Roger Beckamp, MdB, AfD
2025-01-08 14:11:52,638 - response: https://lite.duckduckgo.com/lite/ 200 17397
2025-01-08 14:11:52,640 - Ergebnisse für Roger Beckamp, MdB, AfD: ['https://www.tiktok.com/@roger_beckamp', 'https://www.tiktok.com/@roger_beckamp/video/7442002830086524192', 'https://www.tiktok.com/@netter_roger.beckamp/video/7434922856057769249']
2025-01-08 14:11:54,640 - Verarbeite Titel: Beatrix von Storch, MdB, AfD
2025-01-08 14:11:55,994 - response: https://html.duckduckgo.com/html 200 26255
2025-01-08 14:11:55,995 - Ergebnisse für Beatrix von Storch, MdB, AfD: ['https://www.tiktok.com/@beatrixvonstorchneu', 'https://www.afd.de/beatrix-von-storch-tiktok-sperrung-des-afd-accounts-ist-unzulaessige-zensur/', 'https://afdkompakt.de/2022/05/10/tiktok-sperrung-des-afd-accounts-ist-unzulaessige-zensur/']
2025-01-08 14:11:57,996 - Verarbeite Titel: Steffen Kotre, MdB, AfD
2025-01-08 14:11:59,302 - response: https://lite.duckduckgo.com/lite/ 200 17747
2025-01-08 14:11:59,303 - Ergebnisse für Steffen Kotre, MdB, AfD: ['https://www.tiktok.com/@steffenkotre', 'https://www.tiktok.com/@steffenkotre/video/7247179885712657691', 'https://www.tiktok.com/@steffenkotre/video/7327703752033439008']
2025-01-08 14:12:01,303 - Verarbeite Titel: Marc Bernhard, MdB, AfD
2025-01-08 14:12:02,686 - response: https://lite.duckduckgo.com/lite/ 200 17575
2025-01-08 14:12:02,688 - Ergebnisse für Marc Bernhard, MdB, AfD: ['https://www.tiktok.com/@marcbernhard', 'https://www.tiktok.com/@marcbernhard/video/7441981717218413856', 'https://www.tiktok.com/@marcbernhard/video/7342440803144420641']
2025-01-08 14:12:04,688 - Verarbeite Titel: Dr. Marc Jongen, MdB, AfD
2025-01-08 14:12:06,036 - response: https://html.duckduckgo.com/html 200 25473
2025-01-08 14:12:06,037 - Ergebnisse für Dr. Marc Jongen, MdB, AfD: ['https://www.tiktok.com/@marc_jongen', 'https://www.tiktok.com/@marc_jongen/video/7393366863842905377', 'https://www.tiktok.com/@marc_jongen/video/7446855795381308674']
2025-01-08 14:12:08,037 - Verarbeite Titel: Ulrike Schielke-Ziesing, MdB, AfD
2025-01-08 14:12:09,503 - response: https://lite.duckduckgo.com/lite/ 200 18026
2025-01-08 14:12:09,504 - Ergebnisse für Ulrike Schielke-Ziesing, MdB, AfD: ['https://www.tiktok.com/@vorortaktuell/video/7449811581065514262', 'https://www.tiktok.com/@german_news_politik/video/7279254200658251040', 'https://www.bundestag.de/abgeordnete/biografien/S/schielke_ziesing_ulrike-857954']
2025-01-08 14:12:11,505 - Verarbeite Titel: Fabian Jacobi, MdB, AfD
2025-01-08 14:12:12,796 - response: https://lite.duckduckgo.com/lite/ 200 16848
2025-01-08 14:12:12,797 - Ergebnisse für Fabian Jacobi, MdB, AfD: ['https://www.youtube.com/@FabianJacobiMdB', 'https://www.youtube.com/watch?v=Xh6ounJJXDA', 'https://www.bundestag.de/abgeordnete/biografien/J/jacobi_fabian-857514']
2025-01-08 14:12:14,797 - Verarbeite Titel: Andreas Bleck, MdB, AfD
2025-01-08 14:12:16,150 - response: https://html.duckduckgo.com/html 200 25281
2025-01-08 14:12:16,151 - Ergebnisse für Andreas Bleck, MdB, AfD: ['https://www.bundestag.de/abgeordnete/biografien/B/bleck_andreas-857164', 'https://de.wikipedia.org/wiki/Andreas_Bleck', 'https://afdbundestag.de/abgeordnete/andreas-bleck/']
2025-01-08 14:12:18,151 - Verarbeite Titel: Mariana Iris Harder-Kühnel, MdB, AfD
2025-01-08 14:12:19,534 - response: https://lite.duckduckgo.com/lite/ 200 17067
2025-01-08 14:12:19,535 - Ergebnisse für Mariana Iris Harder-Kühnel, MdB, AfD: ['https://www.bundestag.de/abgeordnete/biografien/H/harder_kuehnel_mariana-857390', 'https://afdbundestag.de/abgeordnete/mariana-harder-kuehnel/', 'https://www.facebook.com/M.Harder.Kuehnel/']
2025-01-08 14:12:21,535 - Verarbeite Titel: Martin Erwin Renner, MdB, AfD
2025-01-08 14:12:22,920 - response: https://html.duckduckgo.com/html 200 25586
2025-01-08 14:12:22,921 - Ergebnisse für Martin Erwin Renner, MdB, AfD: ['https://www.tiktok.com/@martin_e_renner', 'https://www.bundestag.de/abgeordnete/biografien/R/renner_martin-857898', 'https://afdbundestag.de/abgeordnete/martin-e-renner/']
2025-01-08 14:12:24,921 - Verarbeite Titel: Tino Chrupalla, MdB, AfD
2025-01-08 14:12:26,288 - response: https://lite.duckduckgo.com/lite/ 200 17940
2025-01-08 14:12:26,290 - Ergebnisse für Tino Chrupalla, MdB, AfD: ['https://www.tiktok.com/@tino.chrupalla.afd', 'https://www.tiktok.com/@stimme.deutschlands/video/7292863474252762400', 'https://www.tiktok.com/@tino.chrupalla.afd/video/7435244740121070880']
2025-01-08 14:12:28,290 - Verarbeite Titel: Peter Boehringer, MdB, AfD
2025-01-08 14:12:29,685 - response: https://lite.duckduckgo.com/lite/ 200 17572
2025-01-08 14:12:29,686 - Ergebnisse für Peter Boehringer, MdB, AfD: ['https://www.tiktok.com/@vorortaktuell/video/7325223154652040480', 'https://www.tiktok.com/@politwelt/video/7326527510248705312', 'https://www.tiktok.com/@politik.heute/video/7323652788678937889']
2025-01-08 14:12:31,686 - Verarbeite Titel: Jochen Haug, MdB, AfD
2025-01-08 14:12:33,322 - response: https://lite.duckduckgo.com/lite/ 200 17282
2025-01-08 14:12:33,323 - Ergebnisse für Jochen Haug, MdB, AfD: ['https://www.tiktok.com/@jochenhaug_mdb', 'https://www.bundestag.de/abgeordnete/biografien/H/haug_jochen-857388', 'https://www.youtube.com/@JochenHaugMdB']
2025-01-08 14:12:35,323 - Verarbeite Titel: Albrecht Glaser, MdB, AfD
2025-01-08 14:12:37,667 - response: https://lite.duckduckgo.com/lite/ 200 17485
2025-01-08 14:12:37,668 - Ergebnisse für Albrecht Glaser, MdB, AfD: ['https://www.tiktok.com/@albrecht_glaser_mdb/video/7418244008813530401', 'https://www.youtube.com/@AlbrechtGlaserMdB', 'https://www.tiktok.com/@albrecht_glaser_mdb/video/7299464131663465760']
2025-01-08 14:12:39,668 - Verarbeite Titel: Dr. Alice Weidel, MdB, AfD
2025-01-08 14:12:41,092 - response: https://html.duckduckgo.com/html 200 26006
2025-01-08 14:12:41,093 - Ergebnisse für Dr. Alice Weidel, MdB, AfD: ['https://www.tiktok.com/@alice_weidel_afd', 'https://www.tiktok.com/@aliceweideltiktok', 'https://www.tiktok.com/@aliceweidel_afd']
2025-01-08 14:12:43,093 - Verarbeite Titel: Volker Münz, MdB, AfD
2025-01-08 14:12:44,449 - response: https://html.duckduckgo.com/html 200 24733
2025-01-08 14:12:44,451 - Ergebnisse für Volker Münz, MdB, AfD: ['https://www.bundestag.de/abgeordnete/biografien/M/muenz_volker-857792', 'https://www.youtube.com/@VolkerMünzMdB', 'https://www.tiktok.com/@afdfraktionimbundestag']
2025-01-08 14:12:46,451 - Verarbeite Titel: Manfred Schiller, MdB, AfD
2025-01-08 14:12:47,839 - response: https://html.duckduckgo.com/html 200 25246
2025-01-08 14:12:47,841 - Ergebnisse für Manfred Schiller, MdB, AfD: ['https://en.wikipedia.org/wiki/Manfred_Schiller', 'https://www.bundestag.de/abgeordnete/biografien/S/schiller_manfred-861168', 'https://de.wikipedia.org/wiki/Manfred_Schiller']
2025-01-08 15:50:40,785 - generated new fontManager
2025-01-08 17:47:25,766 - No such comm target registered: jupyter.widget.control
2025-01-08 17:47:25,768 - No such comm: 18471e30-749f-4da3-ac01-93f20cd46578
2025-01-08 17:50:00,898 - No such comm target registered: jupyter.widget.control
2025-01-08 17:50:00,899 - No such comm: d066b396-409f-4b44-b359-21acb0e59520
2025-01-08 17:50:06,197 - No such comm target registered: jupyter.widget.control
2025-01-08 17:50:06,198 - No such comm: 2fdaac98-ca49-493a-a9aa-9f92b708f287
